<?xml version="1.0" encoding="UTF-8"?>
<testng-results ignored="0" total="1" passed="1" failed="0" skipped="0">
  <reporter-output>
  </reporter-output>
  <suite started-at="2023-10-21T01:43:03Z" name="Default suite" finished-at="2023-10-21T01:43:15Z" duration-ms="12214">
    <groups>
    </groups>
    <test started-at="2023-10-21T01:43:03Z" name="Default test" finished-at="2023-10-21T01:43:15Z" duration-ms="12214">
      <class name="testCase.LoginTestCase">
        <test-method signature="logintestcase()[pri:0, instance:testCase.LoginTestCase@1c7696c6]" started-at="2023-10-21T07:13:03Z" name="logintestcase" finished-at="2023-10-21T07:13:15Z" duration-ms="12122" status="PASS">
          <reporter-output>
          </reporter-output>
        </test-method> <!-- logintestcase -->
      </class> <!-- testCase.LoginTestCase -->
    </test> <!-- Default test -->
  </suite> <!-- Default suite -->
</testng-results>
